The target system is: Linux -  - i486
The host system is: Linux - 4.4.0-31-generic - x86_64
Determining if files pthread.h exist passed with the following output:
Change Dir: /home/ruiciro/SPL/EK-SPL/vision/build-cross-atom/CMakeFiles/CMakeTmp

Run Build Command:/usr/bin/make "cmTryCompileExec3217563266/fast"
/usr/bin/make -f CMakeFiles/cmTryCompileExec3217563266.dir/build.make CMakeFiles/cmTryCompileExec3217563266.dir/build
make[1]: Entering directory `/home/ruiciro/SPL/EK-SPL/vision/build-cross-atom/CMakeFiles/CMakeTmp'
/usr/bin/cmake -E cmake_progress_report /home/ruiciro/SPL/EK-SPL/vision/build-cross-atom/CMakeFiles/CMakeTmp/CMakeFiles 1
Building C object CMakeFiles/cmTryCompileExec3217563266.dir/CheckIncludeFiles.c.o
/home/ruiciro/SPL/linux64-nao-atom-cross-toolchain-1.14.5/cross/bin/i686-aldebaran-linux-gnu-gcc   --sysroot /home/ruiciro/SPL/linux64-nao-atom-cross-toolchain-1.14.5//sysroot/ -pipe -fomit-frame-pointer -fno-align-jumps -fno-align-functions -fno-align-labels -fno-align-loops -m32 -mtune=generic -DOE_CROSS_BUILD    -o CMakeFiles/cmTryCompileExec3217563266.dir/CheckIncludeFiles.c.o   -c /home/ruiciro/SPL/EK-SPL/vision/build-cross-atom/CMakeFiles/CMakeTmp/CheckIncludeFiles.c
Linking C executable cmTryCompileExec3217563266
/usr/bin/cmake -E cmake_link_script CMakeFiles/cmTryCompileExec3217563266.dir/link.txt --verbose=1
/home/ruiciro/SPL/linux64-nao-atom-cross-toolchain-1.14.5/cross/bin/i686-aldebaran-linux-gnu-gcc   --sysroot /home/ruiciro/SPL/linux64-nao-atom-cross-toolchain-1.14.5//sysroot/ -pipe -fomit-frame-pointer -fno-align-jumps -fno-align-functions -fno-align-labels -fno-align-loops -m32 -mtune=generic -DOE_CROSS_BUILD   -Wl,--sysroot,/home/ruiciro/SPL/linux64-nao-atom-cross-toolchain-1.14.5//sysroot/ CMakeFiles/cmTryCompileExec3217563266.dir/CheckIncludeFiles.c.o  -o cmTryCompileExec3217563266 -rdynamic 
make[1]: Leaving directory `/home/ruiciro/SPL/EK-SPL/vision/build-cross-atom/CMakeFiles/CMakeTmp'


Determining if the function pthread_create exists in the pthread passed with the following output:
Change Dir: /home/ruiciro/SPL/EK-SPL/vision/build-cross-atom/CMakeFiles/CMakeTmp

Run Build Command:/usr/bin/make "cmTryCompileExec75216495/fast"
/usr/bin/make -f CMakeFiles/cmTryCompileExec75216495.dir/build.make CMakeFiles/cmTryCompileExec75216495.dir/build
make[1]: Entering directory `/home/ruiciro/SPL/EK-SPL/vision/build-cross-atom/CMakeFiles/CMakeTmp'
/usr/bin/cmake -E cmake_progress_report /home/ruiciro/SPL/EK-SPL/vision/build-cross-atom/CMakeFiles/CMakeTmp/CMakeFiles 1
Building C object CMakeFiles/cmTryCompileExec75216495.dir/CheckFunctionExists.c.o
/home/ruiciro/SPL/linux64-nao-atom-cross-toolchain-1.14.5/cross/bin/i686-aldebaran-linux-gnu-gcc   --sysroot /home/ruiciro/SPL/linux64-nao-atom-cross-toolchain-1.14.5//sysroot/ -pipe -fomit-frame-pointer -fno-align-jumps -fno-align-functions -fno-align-labels -fno-align-loops -m32 -mtune=generic -DOE_CROSS_BUILD -DCHECK_FUNCTION_EXISTS=pthread_create   -o CMakeFiles/cmTryCompileExec75216495.dir/CheckFunctionExists.c.o   -c /usr/share/cmake-2.8/Modules/CheckFunctionExists.c
Linking C executable cmTryCompileExec75216495
/usr/bin/cmake -E cmake_link_script CMakeFiles/cmTryCompileExec75216495.dir/link.txt --verbose=1
/home/ruiciro/SPL/linux64-nao-atom-cross-toolchain-1.14.5/cross/bin/i686-aldebaran-linux-gnu-gcc   --sysroot /home/ruiciro/SPL/linux64-nao-atom-cross-toolchain-1.14.5//sysroot/ -pipe -fomit-frame-pointer -fno-align-jumps -fno-align-functions -fno-align-labels -fno-align-loops -m32 -mtune=generic -DOE_CROSS_BUILD -DCHECK_FUNCTION_EXISTS=pthread_create  -Wl,--sysroot,/home/ruiciro/SPL/linux64-nao-atom-cross-toolchain-1.14.5//sysroot/ CMakeFiles/cmTryCompileExec75216495.dir/CheckFunctionExists.c.o  -o cmTryCompileExec75216495 -rdynamic -lpthread 
make[1]: Leaving directory `/home/ruiciro/SPL/EK-SPL/vision/build-cross-atom/CMakeFiles/CMakeTmp'


